# JRE version: Java(TM) SE Runtime Environment (12.0.1+12) (build 12.0.1+12)
# Java VM: Java HotSpot(TM) 64-Bit Server VM (12.0.1+12, mixed mode, sharing, tiered, compressed oops, g1 gc, windows-amd64)
Heap:
 garbage-first heap   total 262144K, used 82934K [0x00000000e0000000, 0x0000000100000000)
  region size 1024K, 57 young (58368K), 3 survivors (3072K)
 Metaspace       used 30796K, capacity 31534K, committed 31792K, reserved 282624K
  class space    used 4238K, capacity 4465K, committed 4480K, reserved 253952K
GC Heap History (6 events):
Event: 0.543 GC heap before
{Heap before GC invocations=0 (full 0):
 garbage-first heap   total 262144K, used 28672K [0x00000000e0000000, 0x0000000100000000)
  region size 1024K, 24 young (24576K), 0 survivors (0K)
 Metaspace       used 3655K, capacity 6501K, committed 6656K, reserved 262144K
  class space    used 475K, capacity 762K, committed 768K, reserved 253952K
}
Event: 0.548 GC heap after
{Heap after GC invocations=1 (full 0):
 garbage-first heap   total 262144K, used 7556K [0x00000000e0000000, 0x0000000100000000)
  region size 1024K, 3 young (3072K), 3 survivors (3072K)
 Metaspace       used 3655K, capacity 6501K, committed 6656K, reserved 262144K
  class space    used 475K, capacity 762K, committed 768K, reserved 253952K
}
Event: 2.492 GC heap before
{Heap before GC invocations=1 (full 0):
 garbage-first heap   total 262144K, used 139652K [0x00000000e0000000, 0x0000000100000000)
  region size 1024K, 126 young (129024K), 3 survivors (3072K)
 Metaspace       used 20620K, capacity 21181K, committed 21296K, reserved 272384K
  class space    used 2946K, capacity 3159K, committed 3200K, reserved 253952K
}
Event: 2.502 GC heap after
{Heap after GC invocations=2 (full 0):
 garbage-first heap   total 262144K, used 27064K [0x00000000e0000000, 0x0000000100000000)
  region size 1024K, 15 young (15360K), 15 survivors (15360K)
 Metaspace       used 20620K, capacity 21181K, committed 21296K, reserved 272384K
  class space    used 2946K, capacity 3159K, committed 3200K, reserved 253952K
}
Event: 2.921 GC heap before
{Heap before GC invocations=3 (full 0):
 garbage-first heap   total 262144K, used 61880K [0x00000000e0000000, 0x0000000100000000)
  region size 1024K, 47 young (48128K), 15 survivors (15360K)
 Metaspace       used 25431K, capacity 26016K, committed 26288K, reserved 276480K
  class space    used 3508K, capacity 3724K, committed 3840K, reserved 253952K
}
Event: 2.931 GC heap after
{Heap after GC invocations=4 (full 0):
 garbage-first heap   total 262144K, used 29686K [0x00000000e0000000, 0x0000000100000000)
  region size 1024K, 3 young (3072K), 3 survivors (3072K)
 Metaspace       used 25431K, capacity 26016K, committed 26288K, reserved 276480K
  class space    used 3508K, capacity 3724K, committed 3840K, reserved 253952K
}

