# JRE version: Java(TM) SE Runtime Environment (12.0.1+12) (build 12.0.1+12)
# Java VM: Java HotSpot(TM) 64-Bit Server VM (12.0.1+12, mixed mode, sharing, tiered, compressed oops, g1 gc, windows-amd64)
Heap:
 garbage-first heap   total 262144K, used 82151K [0x00000000e0000000, 0x0000000100000000)
  region size 1024K, 29 young (29696K), 6 survivors (6144K)
 Metaspace       used 60201K, capacity 61796K, committed 62108K, reserved 309248K
  class space    used 8159K, capacity 8722K, committed 8780K, reserved 253952K
GC Heap History (10 events):
Event: 23.599 GC heap before
{Heap before GC invocations=1 (full 0):
 garbage-first heap   total 262144K, used 138543K [0x00000000e0000000, 0x0000000100000000)
  region size 1024K, 125 young (128000K), 3 survivors (3072K)
 Metaspace       used 20628K, capacity 21180K, committed 21296K, reserved 272384K
  class space    used 2946K, capacity 3159K, committed 3200K, reserved 253952K
}
Event: 23.612 GC heap after
{Heap after GC invocations=2 (full 0):
 garbage-first heap   total 262144K, used 27177K [0x00000000e0000000, 0x0000000100000000)
  region size 1024K, 15 young (15360K), 15 survivors (15360K)
 Metaspace       used 20628K, capacity 21180K, committed 21296K, reserved 272384K
  class space    used 2946K, capacity 3159K, committed 3200K, reserved 253952K
}
Event: 25.349 GC heap before
{Heap before GC invocations=3 (full 0):
 garbage-first heap   total 262144K, used 122409K [0x00000000e0000000, 0x0000000100000000)
  region size 1024K, 106 young (108544K), 15 survivors (15360K)
 Metaspace       used 31269K, capacity 32059K, committed 32176K, reserved 282624K
  class space    used 4307K, capacity 4535K, committed 4608K, reserved 253952K
}
Event: 25.360 GC heap after
{Heap after GC invocations=4 (full 0):
 garbage-first heap   total 262144K, used 33839K [0x00000000e0000000, 0x0000000100000000)
  region size 1024K, 7 young (7168K), 7 survivors (7168K)
 Metaspace       used 31269K, capacity 32059K, committed 32176K, reserved 282624K
  class space    used 4307K, capacity 4535K, committed 4608K, reserved 253952K
}
Event: 33.434 GC heap before
{Heap before GC invocations=4 (full 0):
 garbage-first heap   total 262144K, used 92207K [0x00000000e0000000, 0x0000000100000000)
  region size 1024K, 62 young (63488K), 7 survivors (7168K)
 Metaspace       used 34896K, capacity 35886K, committed 35920K, reserved 286720K
  class space    used 4791K, capacity 5109K, committed 5120K, reserved 253952K
}
Event: 33.445 GC heap after
{Heap after GC invocations=5 (full 0):
 garbage-first heap   total 262144K, used 43361K [0x00000000e0000000, 0x0000000100000000)
  region size 1024K, 12 young (12288K), 12 survivors (12288K)
 Metaspace       used 34896K, capacity 35886K, committed 35920K, reserved 286720K
  class space    used 4791K, capacity 5109K, committed 5120K, reserved 253952K
}
Event: 36.900 GC heap before
{Heap before GC invocations=6 (full 0):
 garbage-first heap   total 262144K, used 176481K [0x00000000e0000000, 0x0000000100000000)
  region size 1024K, 143 young (146432K), 12 survivors (12288K)
 Metaspace       used 52677K, capacity 53914K, committed 54172K, reserved 301056K
  class space    used 7009K, capacity 7429K, committed 7500K, reserved 253952K
}
Event: 36.914 GC heap after
{Heap after GC invocations=7 (full 0):
 garbage-first heap   total 262144K, used 54320K [0x00000000e0000000, 0x0000000100000000)
  region size 1024K, 17 young (17408K), 17 survivors (17408K)
 Metaspace       used 52677K, capacity 53914K, committed 54172K, reserved 301056K
  class space    used 7009K, capacity 7429K, committed 7500K, reserved 253952K
}
Event: 37.660 GC heap before
{Heap before GC invocations=7 (full 0):
 garbage-first heap   total 262144K, used 122928K [0x00000000e0000000, 0x0000000100000000)
  region size 1024K, 85 young (87040K), 17 survivors (17408K)
 Metaspace       used 58801K, capacity 60249K, committed 60316K, reserved 307200K
  class space    used 7940K, capacity 8464K, committed 8524K, reserved 253952K
}
Event: 37.689 GC heap after
{Heap after GC invocations=8 (full 0):
 garbage-first heap   total 262144K, used 59623K [0x00000000e0000000, 0x0000000100000000)
  region size 1024K, 6 young (6144K), 6 survivors (6144K)
 Metaspace       used 58801K, capacity 60249K, committed 60316K, reserved 307200K
  class space    used 7940K, capacity 8464K, committed 8524K, reserved 253952K
}

